<?xml version="1.0" encoding="UTF-8"?>
<!-- Generated by org.testng.reporters.JUnitReportReporter -->
<testsuite skipped="0" hostname="DESKTOP-Q4TAH8N" name="com.mt.testcases.LoginTest" tests="1" failures="0" timestamp="30 Jun 2018 23:25:35 GMT" time="3.236" errors="0">
  <testcase name="loginAsBankManager" time="3.236" classname="com.mt.testcases.LoginTest"/>
</testsuite> <!-- com.mt.testcases.LoginTest -->
