<?xml version="1.0" encoding="UTF-8"?>
<!-- Generated by org.testng.reporters.JUnitReportReporter -->
<testsuite skipped="0" hostname="DESKTOP-Q4TAH8N" name="com.mt.testcases.AddCustomerTest" tests="1" failures="0" timestamp="08 Jul 2018 00:49:28 GMT" time="1.531" errors="0">
  <testcase name="addCustomer" time="1.531" classname="com.mt.testcases.AddCustomerTest"/>
</testsuite> <!-- com.mt.testcases.AddCustomerTest -->
