<?xml version="1.0" encoding="UTF-8"?>
<!-- Generated by org.testng.reporters.JUnitReportReporter -->
<testsuite skipped="0" hostname="DESKTOP-Q4TAH8N" name="com.mt.testcases.BankManagerLoginTest" tests="1" failures="0" timestamp="08 Jul 2018 00:49:28 GMT" time="3.166" errors="0">
  <testcase name="loginAsBankManager" time="3.166" classname="com.mt.testcases.BankManagerLoginTest"/>
</testsuite> <!-- com.mt.testcases.BankManagerLoginTest -->
